[
  {
    "line": 1,
    "elements": [
      {
        "start_timestamp": "2020-07-30T06:32:58.985Z",
        "before": [
          {
            "result": {
              "error_message": "org.openqa.selenium.WebDriverException: Timed out waiting 45 seconds for Firefox to start.\nBuild info: version: \u00274.0.0-alpha-3\u0027, revision: \u00278c567de6dc\u0027\nSystem info: host: \u0027DESKTOP-5SB7TM2\u0027, ip: \u0027192.168.133.1\u0027, os.name: \u0027Windows 10\u0027, os.arch: \u0027amd64\u0027, os.version: \u002710.0\u0027, java.version: \u002710.0.2\u0027\nDriver info: driver.version: FirefoxDriver\r\n\tat org.openqa.selenium.firefox.xpi.XpiDriverService.waitUntilAvailable(XpiDriverService.java:236)\r\n\tat org.openqa.selenium.firefox.xpi.XpiDriverService.start(XpiDriverService.java:159)\r\n\tat org.openqa.selenium.remote.service.DriverCommandExecutor.execute(DriverCommandExecutor.java:79)\r\n\tat org.openqa.selenium.remote.RemoteWebDriver.execute(RemoteWebDriver.java:576)\r\n\tat org.openqa.selenium.remote.RemoteWebDriver.startSession(RemoteWebDriver.java:210)\r\n\tat org.openqa.selenium.remote.RemoteWebDriver.\u003cinit\u003e(RemoteWebDriver.java:130)\r\n\tat org.openqa.selenium.firefox.FirefoxDriver.\u003cinit\u003e(FirefoxDriver.java:154)\r\n\tat org.openqa.selenium.firefox.FirefoxDriver.\u003cinit\u003e(FirefoxDriver.java:132)\r\n\tat steps.Hook.InitializeTest(Hook.java:45)\r\nCaused by: org.openqa.selenium.net.UrlChecker$TimeoutException: Timed out waiting for [http://localhost:15175/hub/status] to be available after 45002 ms\r\n\tat org.openqa.selenium.net.UrlChecker.waitUntilAvailable(UrlChecker.java:86)\r\n\tat org.openqa.selenium.firefox.xpi.XpiDriverService.waitUntilAvailable(XpiDriverService.java:234)\r\n\tat org.openqa.selenium.firefox.xpi.XpiDriverService.start(XpiDriverService.java:159)\r\n\tat org.openqa.selenium.remote.service.DriverCommandExecutor.execute(DriverCommandExecutor.java:79)\r\n\tat org.openqa.selenium.remote.RemoteWebDriver.execute(RemoteWebDriver.java:576)\r\n\tat org.openqa.selenium.remote.RemoteWebDriver.startSession(RemoteWebDriver.java:210)\r\n\tat org.openqa.selenium.remote.RemoteWebDriver.\u003cinit\u003e(RemoteWebDriver.java:130)\r\n\tat org.openqa.selenium.firefox.FirefoxDriver.\u003cinit\u003e(FirefoxDriver.java:154)\r\n\tat org.openqa.selenium.firefox.FirefoxDriver.\u003cinit\u003e(FirefoxDriver.java:132)\r\n\tat steps.Hook.InitializeTest(Hook.java:45)\r\n\tat java.base/jdk.internal.reflect.NativeMethodAccessorImpl.invoke0(Native Method)\r\n\tat java.base/jdk.internal.reflect.NativeMethodAccessorImpl.invoke(NativeMethodAccessorImpl.java:62)\r\n\tat java.base/jdk.internal.reflect.DelegatingMethodAccessorImpl.invoke(DelegatingMethodAccessorImpl.java:43)\r\n\tat java.base/java.lang.reflect.Method.invoke(Method.java:564)\r\n\tat io.cucumber.java.Invoker.invoke(Invoker.java:27)\r\n\tat io.cucumber.java.JavaHookDefinition.execute(JavaHookDefinition.java:61)\r\n\tat io.cucumber.core.runner.CoreHookDefinition.execute(CoreHookDefinition.java:31)\r\n\tat io.cucumber.core.runner.HookDefinitionMatch.runStep(HookDefinitionMatch.java:20)\r\n\tat io.cucumber.core.runner.TestStep.executeStep(TestStep.java:64)\r\n\tat io.cucumber.core.runner.TestStep.run(TestStep.java:49)\r\n\tat io.cucumber.core.runner.TestCase.run(TestCase.java:47)\r\n\tat io.cucumber.core.runner.Runner.runPickle(Runner.java:67)\r\n\tat io.cucumber.testng.TestNGCucumberRunner.runScenario(TestNGCucumberRunner.java:124)\r\n\tat io.cucumber.testng.AbstractTestNGCucumberTests.runScenario(AbstractTestNGCucumberTests.java:29)\r\n\tat java.base/jdk.internal.reflect.NativeMethodAccessorImpl.invoke0(Native Method)\r\n\tat java.base/jdk.internal.reflect.NativeMethodAccessorImpl.invoke(NativeMethodAccessorImpl.java:62)\r\n\tat java.base/jdk.internal.reflect.DelegatingMethodAccessorImpl.invoke(DelegatingMethodAccessorImpl.java:43)\r\n\tat java.base/java.lang.reflect.Method.invoke(Method.java:564)\r\n\tat org.testng.internal.MethodInvocationHelper.invokeMethod(MethodInvocationHelper.java:134)\r\n\tat org.testng.internal.TestInvoker.invokeMethod(TestInvoker.java:597)\r\n\tat org.testng.internal.TestInvoker.invokeTestMethod(TestInvoker.java:173)\r\n\tat org.testng.internal.MethodRunner.runInSequence(MethodRunner.java:46)\r\n\tat org.testng.internal.TestInvoker$MethodInvocationAgent.invoke(TestInvoker.java:816)\r\n\tat org.testng.internal.TestInvoker.invokeTestMethods(TestInvoker.java:146)\r\n\tat org.testng.internal.TestMethodWorker.invokeTestMethods(TestMethodWorker.java:146)\r\n\tat org.testng.internal.TestMethodWorker.run(TestMethodWorker.java:128)\r\n\tat java.base/java.util.ArrayList.forEach(ArrayList.java:1378)\r\n\tat org.testng.TestRunner.privateRun(TestRunner.java:766)\r\n\tat org.testng.TestRunner.run(TestRunner.java:587)\r\n\tat org.testng.SuiteRunner.runTest(SuiteRunner.java:384)\r\n\tat org.testng.SuiteRunner.runSequentially(SuiteRunner.java:378)\r\n\tat org.testng.SuiteRunner.privateRun(SuiteRunner.java:337)\r\n\tat org.testng.SuiteRunner.run(SuiteRunner.java:286)\r\n\tat org.testng.SuiteRunnerWorker.runSuite(SuiteRunnerWorker.java:53)\r\n\tat org.testng.SuiteRunnerWorker.run(SuiteRunnerWorker.java:96)\r\n\tat org.testng.TestNG.runSuitesSequentially(TestNG.java:1187)\r\n\tat org.testng.TestNG.runSuitesLocally(TestNG.java:1109)\r\n\tat org.testng.TestNG.runSuites(TestNG.java:1039)\r\n\tat org.testng.TestNG.run(TestNG.java:1007)\r\n\tat org.apache.maven.surefire.testng.TestNGExecutor.run(TestNGExecutor.java:283)\r\n\tat org.apache.maven.surefire.testng.TestNGXmlTestSuite.execute(TestNGXmlTestSuite.java:75)\r\n\tat org.apache.maven.surefire.testng.TestNGProvider.invoke(TestNGProvider.java:120)\r\n\tat org.apache.maven.surefire.booter.ForkedBooter.invokeProviderInSameClassLoader(ForkedBooter.java:379)\r\n\tat org.apache.maven.surefire.booter.ForkedBooter.runSuitesInProcess(ForkedBooter.java:340)\r\n\tat org.apache.maven.surefire.booter.ForkedBooter.execute(ForkedBooter.java:125)\r\n\tat org.apache.maven.surefire.booter.ForkedBooter.main(ForkedBooter.java:413)\r\nCaused by: java.util.concurrent.TimeoutException\r\n\tat java.base/java.util.concurrent.FutureTask.get(FutureTask.java:204)\r\n\tat org.openqa.selenium.net.UrlChecker.waitUntilAvailable(UrlChecker.java:84)\r\n\t... 55 more\r\n",
              "duration": 45806234500,
              "status": "failed"
            },
            "match": {
              "location": "steps.Hook.InitializeTest(io.cucumber.java.Scenario)"
            }
          }
        ],
        "line": 4,
        "name": "Login with correct username and password",
        "description": "",
        "id": "loginfeature;login-with-correct-username-and-password",
        "after": [
          {
            "result": {
              "error_message": "java.lang.NullPointerException\r\n\tat steps.Hook.TearDownTest(Hook.java:61)\r\n",
              "duration": 1996800,
              "status": "failed"
            },
            "match": {
              "location": "steps.Hook.TearDownTest(io.cucumber.java.Scenario)"
            }
          }
        ],
        "type": "scenario",
        "keyword": "Scenario",
        "steps": [
          {
            "result": {
              "status": "skipped"
            },
            "before": [
              {
                "result": {
                  "status": "skipped"
                },
                "match": {
                  "location": "steps.Hook.BeforeEveryStep(io.cucumber.java.Scenario)"
                }
              }
            ],
            "line": 5,
            "name": "I navigate to the login page",
            "match": {
              "location": "steps.LoginStep.iNavigateToTheLoginPage()"
            },
            "after": [
              {
                "result": {
                  "status": "skipped"
                },
                "match": {
                  "location": "steps.Hook.AfterEveryStep(io.cucumber.java.Scenario)"
                }
              }
            ],
            "keyword": "Given "
          },
          {
            "result": {
              "status": "skipped"
            },
            "before": [
              {
                "result": {
                  "status": "skipped"
                },
                "match": {
                  "location": "steps.Hook.BeforeEveryStep(io.cucumber.java.Scenario)"
                }
              }
            ],
            "line": 6,
            "name": "I enter the following for Login",
            "match": {
              "location": "steps.LoginStep.iEnterTheFollowingForLogin(java.util.List\u003csteps.LoginStep$User\u003e)"
            },
            "after": [
              {
                "result": {
                  "status": "skipped"
                },
                "match": {
                  "location": "steps.Hook.AfterEveryStep(io.cucumber.java.Scenario)"
                }
              }
            ],
            "rows": [
              {
                "cells": [
                  "username",
                  "password"
                ]
              },
              {
                "cells": [
                  "admin",
                  "adminpassword"
                ]
              }
            ],
            "keyword": "And "
          },
          {
            "result": {
              "status": "skipped"
            },
            "before": [
              {
                "result": {
                  "status": "skipped"
                },
                "match": {
                  "location": "steps.Hook.BeforeEveryStep(io.cucumber.java.Scenario)"
                }
              }
            ],
            "line": 9,
            "name": "I click login button",
            "match": {
              "location": "steps.LoginStep.iClickLoginButton()"
            },
            "after": [
              {
                "result": {
                  "status": "skipped"
                },
                "match": {
                  "location": "steps.Hook.AfterEveryStep(io.cucumber.java.Scenario)"
                }
              }
            ],
            "keyword": "And "
          },
          {
            "result": {
              "status": "skipped"
            },
            "before": [
              {
                "result": {
                  "status": "skipped"
                },
                "match": {
                  "location": "steps.Hook.BeforeEveryStep(io.cucumber.java.Scenario)"
                }
              }
            ],
            "line": 10,
            "name": "I should see the userform page",
            "match": {
              "location": "steps.LoginStep.iShouldSeeTheUserformPage()"
            },
            "after": [
              {
                "result": {
                  "status": "skipped"
                },
                "match": {
                  "location": "steps.Hook.AfterEveryStep(io.cucumber.java.Scenario)"
                }
              }
            ],
            "keyword": "Then "
          }
        ]
      }
    ],
    "name": "LoginFeature",
    "description": "  This feature deals with the login functionality of the application",
    "id": "loginfeature",
    "keyword": "Feature",
    "uri": "file:src/test/java/features/Login.feature",
    "tags": []
  }
]